{"/home/kaduri/repos/Testing-Practice/calculator/calculator.js": {"path":"/home/kaduri/repos/Testing-Practice/calculator/calculator.js","statementMap":{"0":{"start":{"line":1,"column":26},"end":{"line":8,"column":1}},"1":{"start":{"line":3,"column":4},"end":{"line":3,"column":23}},"2":{"start":{"line":6,"column":4},"end":{"line":6,"column":23}}},"fnMap":{"0":{"name":"(anonymous_0)","decl":{"start":{"line":2,"column":2},"end":{"line":2,"column":3}},"loc":{"start":{"line":2,"column":18},"end":{"line":4,"column":3}},"line":2},"1":{"name":"(anonymous_1)","decl":{"start":{"line":5,"column":2},"end":{"line":5,"column":3}},"loc":{"start":{"line":5,"column":23},"end":{"line":7,"column":3}},"line":5}},"branchMap":{},"s":{"0":1,"1":6,"2":4},"f":{"0":6,"1":4},"b":{},"_coverageSchema":"1a1c01bbd47fc00a2c39e90264f33305004495a9","hash":"90b1ab8cc25a7d7e654a8296a827dcb01f187627"}
,"/home/kaduri/repos/Testing-Practice/capitalize/capitalize.js": {"path":"/home/kaduri/repos/Testing-Practice/capitalize/capitalize.js","statementMap":{"0":{"start":{"line":4,"column":2},"end":{"line":4,"column":19}},"1":{"start":{"line":6,"column":27},"end":{"line":6,"column":55}},"2":{"start":{"line":8,"column":28},"end":{"line":8,"column":60}},"3":{"start":{"line":10,"column":33},"end":{"line":10,"column":64}},"4":{"start":{"line":12,"column":26},"end":{"line":12,"column":68}},"5":{"start":{"line":14,"column":2},"end":{"line":14,"column":78}},"6":{"start":{"line":19,"column":2},"end":{"line":25,"column":3}},"7":{"start":{"line":19,"column":15},"end":{"line":19,"column":16}},"8":{"start":{"line":22,"column":4},"end":{"line":24,"column":5}},"9":{"start":{"line":23,"column":6},"end":{"line":23,"column":15}},"10":{"start":{"line":28,"column":12},"end":{"line":28,"column":14}},"11":{"start":{"line":29,"column":2},"end":{"line":36,"column":3}},"12":{"start":{"line":29,"column":15},"end":{"line":29,"column":16}},"13":{"start":{"line":30,"column":4},"end":{"line":32,"column":5}},"14":{"start":{"line":31,"column":6},"end":{"line":31,"column":23}},"15":{"start":{"line":33,"column":4},"end":{"line":35,"column":5}},"16":{"start":{"line":34,"column":6},"end":{"line":34,"column":17}}},"fnMap":{"0":{"name":"capitalize","decl":{"start":{"line":2,"column":9},"end":{"line":2,"column":19}},"loc":{"start":{"line":2,"column":25},"end":{"line":15,"column":1}},"line":2},"1":{"name":"firstLetterStringIndex","decl":{"start":{"line":18,"column":9},"end":{"line":18,"column":31}},"loc":{"start":{"line":18,"column":37},"end":{"line":26,"column":1}},"line":18},"2":{"name":"nonLetterStringsAtStart","decl":{"start":{"line":27,"column":9},"end":{"line":27,"column":32}},"loc":{"start":{"line":27,"column":38},"end":{"line":37,"column":1}},"line":27}},"branchMap":{"0":{"loc":{"start":{"line":22,"column":4},"end":{"line":24,"column":5}},"type":"if","locations":[{"start":{"line":22,"column":4},"end":{"line":24,"column":5}},{"start":{},"end":{}}],"line":22},"1":{"loc":{"start":{"line":30,"column":4},"end":{"line":32,"column":5}},"type":"if","locations":[{"start":{"line":30,"column":4},"end":{"line":32,"column":5}},{"start":{},"end":{}}],"line":30},"2":{"loc":{"start":{"line":33,"column":4},"end":{"line":35,"column":5}},"type":"if","locations":[{"start":{"line":33,"column":4},"end":{"line":35,"column":5}},{"start":{},"end":{}}],"line":33}},"s":{"0":7,"1":7,"2":7,"3":7,"4":7,"5":7,"6":14,"7":14,"8":16,"9":14,"10":7,"11":7,"12":7,"13":8,"14":1,"15":8,"16":7},"f":{"0":7,"1":14,"2":7},"b":{"0":[14,2],"1":[1,7],"2":[7,1]},"_coverageSchema":"1a1c01bbd47fc00a2c39e90264f33305004495a9","hash":"373eef4327c701456706cc011186c89f23507cf6"}
,"/home/kaduri/repos/Testing-Practice/reverseString/reverseString.js": {"path":"/home/kaduri/repos/Testing-Practice/reverseString/reverseString.js","statementMap":{"0":{"start":{"line":2,"column":2},"end":{"line":2,"column":42}}},"fnMap":{"0":{"name":"reversString","decl":{"start":{"line":1,"column":16},"end":{"line":1,"column":28}},"loc":{"start":{"line":1,"column":34},"end":{"line":3,"column":1}},"line":1}},"branchMap":{},"s":{"0":3},"f":{"0":3},"b":{},"_coverageSchema":"1a1c01bbd47fc00a2c39e90264f33305004495a9","hash":"01ee76aa1a95c65c6dd2d6922ac75fc131b4097c"}
}
