TN:
SF:calculator/calculator.js
FN:2,(anonymous_0)
FN:5,(anonymous_1)
FNF:2
FNH:2
FNDA:6,(anonymous_0)
FNDA:4,(anonymous_1)
DA:1,1
DA:3,6
DA:6,4
LF:3
LH:3
BRF:0
BRH:0
end_of_record
TN:
SF:capitalize/capitalize.js
FN:2,capitalize
FN:18,firstLetterStringIndex
FN:27,nonLetterStringsAtStart
FNF:3
FNH:3
FNDA:7,capitalize
FNDA:14,firstLetterStringIndex
FNDA:7,nonLetterStringsAtStart
DA:4,7
DA:6,7
DA:8,7
DA:10,7
DA:12,7
DA:14,7
DA:19,14
DA:22,16
DA:23,14
DA:28,7
DA:29,7
DA:30,8
DA:31,1
DA:33,8
DA:34,7
LF:15
LH:15
BRDA:22,0,0,14
BRDA:22,0,1,2
BRDA:30,1,0,1
BRDA:30,1,1,7
BRDA:33,2,0,7
BRDA:33,2,1,1
BRF:6
BRH:6
end_of_record
TN:
SF:reverseString/reverseString.js
FN:1,reversString
FNF:1
FNH:1
FNDA:3,reversString
DA:2,3
LF:1
LH:1
BRF:0
BRH:0
end_of_record
